<?xml version="1.0" encoding="UTF-8"?>
<testsuite xmlns:xsi="http://www.w3.org/2001/XMLSchema-instance" xsi:noNamespaceSchemaLocation="https://maven.apache.org/surefire/maven-surefire-plugin/xsd/surefire-test-report-3.0.xsd" version="3.0" name="com.healthtrack.UsuarioTest" time="0.128" tests="5" errors="0" skipped="0" failures="0">
  <properties>
    <property name="java.specification.version" value="17"/>
    <property name="sun.cpu.isalist" value="amd64"/>
    <property name="sun.jnu.encoding" value="Cp1252"/>
    <property name="java.class.path" value="C:\Users\alfon\proyectos-pruebas\HealthTrack\target\test-classes;C:\Users\alfon\proyectos-pruebas\HealthTrack\target\classes;C:\Users\alfon\.m2\repository\org\junit\jupiter\junit-jupiter\5.10.0\junit-jupiter-5.10.0.jar;C:\Users\alfon\.m2\repository\org\junit\jupiter\junit-jupiter-api\5.10.0\junit-jupiter-api-5.10.0.jar;C:\Users\alfon\.m2\repository\org\opentest4j\opentest4j\1.3.0\opentest4j-1.3.0.jar;C:\Users\alfon\.m2\repository\org\junit\platform\junit-platform-commons\1.10.0\junit-platform-commons-1.10.0.jar;C:\Users\alfon\.m2\repository\org\apiguardian\apiguardian-api\1.1.2\apiguardian-api-1.1.2.jar;C:\Users\alfon\.m2\repository\org\junit\jupiter\junit-jupiter-params\5.10.0\junit-jupiter-params-5.10.0.jar;C:\Users\alfon\.m2\repository\org\junit\jupiter\junit-jupiter-engine\5.10.0\junit-jupiter-engine-5.10.0.jar;C:\Users\alfon\.m2\repository\org\junit\platform\junit-platform-engine\1.10.0\junit-platform-engine-1.10.0.jar;C:\Users\alfon\.m2\repository\org\seleniumhq\selenium\selenium-java\4.20.0\selenium-java-4.20.0.jar;C:\Users\alfon\.m2\repository\org\seleniumhq\selenium\selenium-api\4.20.0\selenium-api-4.20.0.jar;C:\Users\alfon\.m2\repository\org\seleniumhq\selenium\selenium-chrome-driver\4.20.0\selenium-chrome-driver-4.20.0.jar;C:\Users\alfon\.m2\repository\com\google\auto\service\auto-service-annotations\1.1.1\auto-service-annotations-1.1.1.jar;C:\Users\alfon\.m2\repository\org\seleniumhq\selenium\selenium-chromium-driver\4.20.0\selenium-chromium-driver-4.20.0.jar;C:\Users\alfon\.m2\repository\org\seleniumhq\selenium\selenium-json\4.20.0\selenium-json-4.20.0.jar;C:\Users\alfon\.m2\repository\org\seleniumhq\selenium\selenium-manager\4.20.0\selenium-manager-4.20.0.jar;C:\Users\alfon\.m2\repository\org\seleniumhq\selenium\selenium-devtools-v122\4.20.0\selenium-devtools-v122-4.20.0.jar;C:\Users\alfon\.m2\repository\org\seleniumhq\selenium\selenium-devtools-v123\4.20.0\selenium-devtools-v123-4.20.0.jar;C:\Users\alfon\.m2\repository\org\seleniumhq\selenium\selenium-devtools-v124\4.20.0\selenium-devtools-v124-4.20.0.jar;C:\Users\alfon\.m2\repository\org\seleniumhq\selenium\selenium-devtools-v85\4.20.0\selenium-devtools-v85-4.20.0.jar;C:\Users\alfon\.m2\repository\org\seleniumhq\selenium\selenium-edge-driver\4.20.0\selenium-edge-driver-4.20.0.jar;C:\Users\alfon\.m2\repository\org\seleniumhq\selenium\selenium-firefox-driver\4.20.0\selenium-firefox-driver-4.20.0.jar;C:\Users\alfon\.m2\repository\org\seleniumhq\selenium\selenium-http\4.20.0\selenium-http-4.20.0.jar;C:\Users\alfon\.m2\repository\dev\failsafe\failsafe\3.3.2\failsafe-3.3.2.jar;C:\Users\alfon\.m2\repository\org\seleniumhq\selenium\selenium-ie-driver\4.20.0\selenium-ie-driver-4.20.0.jar;C:\Users\alfon\.m2\repository\org\seleniumhq\selenium\selenium-remote-driver\4.20.0\selenium-remote-driver-4.20.0.jar;C:\Users\alfon\.m2\repository\com\google\guava\guava\33.1.0-jre\guava-33.1.0-jre.jar;C:\Users\alfon\.m2\repository\com\google\guava\failureaccess\1.0.2\failureaccess-1.0.2.jar;C:\Users\alfon\.m2\repository\com\google\guava\listenablefuture\9999.0-empty-to-avoid-conflict-with-guava\listenablefuture-9999.0-empty-to-avoid-conflict-with-guava.jar;C:\Users\alfon\.m2\repository\com\google\code\findbugs\jsr305\3.0.2\jsr305-3.0.2.jar;C:\Users\alfon\.m2\repository\org\checkerframework\checker-qual\3.42.0\checker-qual-3.42.0.jar;C:\Users\alfon\.m2\repository\com\google\errorprone\error_prone_annotations\2.26.1\error_prone_annotations-2.26.1.jar;C:\Users\alfon\.m2\repository\com\google\j2objc\j2objc-annotations\3.0.0\j2objc-annotations-3.0.0.jar;C:\Users\alfon\.m2\repository\io\opentelemetry\semconv\opentelemetry-semconv\1.25.0-alpha\opentelemetry-semconv-1.25.0-alpha.jar;C:\Users\alfon\.m2\repository\io\opentelemetry\opentelemetry-api\1.37.0\opentelemetry-api-1.37.0.jar;C:\Users\alfon\.m2\repository\io\opentelemetry\opentelemetry-context\1.37.0\opentelemetry-context-1.37.0.jar;C:\Users\alfon\.m2\repository\io\opentelemetry\opentelemetry-exporter-logging\1.37.0\opentelemetry-exporter-logging-1.37.0.jar;C:\Users\alfon\.m2\repository\io\opentelemetry\opentelemetry-sdk-common\1.37.0\opentelemetry-sdk-common-1.37.0.jar;C:\Users\alfon\.m2\repository\io\opentelemetry\opentelemetry-sdk-extension-autoconfigure-spi\1.37.0\opentelemetry-sdk-extension-autoconfigure-spi-1.37.0.jar;C:\Users\alfon\.m2\repository\io\opentelemetry\opentelemetry-sdk-extension-autoconfigure\1.37.0\opentelemetry-sdk-extension-autoconfigure-1.37.0.jar;C:\Users\alfon\.m2\repository\io\opentelemetry\opentelemetry-api-incubator\1.37.0-alpha\opentelemetry-api-incubator-1.37.0-alpha.jar;C:\Users\alfon\.m2\repository\io\opentelemetry\opentelemetry-sdk-trace\1.37.0\opentelemetry-sdk-trace-1.37.0.jar;C:\Users\alfon\.m2\repository\io\opentelemetry\opentelemetry-sdk\1.37.0\opentelemetry-sdk-1.37.0.jar;C:\Users\alfon\.m2\repository\io\opentelemetry\opentelemetry-sdk-metrics\1.37.0\opentelemetry-sdk-metrics-1.37.0.jar;C:\Users\alfon\.m2\repository\io\opentelemetry\opentelemetry-sdk-logs\1.37.0\opentelemetry-sdk-logs-1.37.0.jar;C:\Users\alfon\.m2\repository\net\bytebuddy\byte-buddy\1.14.14\byte-buddy-1.14.14.jar;C:\Users\alfon\.m2\repository\org\seleniumhq\selenium\selenium-os\4.20.0\selenium-os-4.20.0.jar;C:\Users\alfon\.m2\repository\org\apache\commons\commons-exec\1.4.0\commons-exec-1.4.0.jar;C:\Users\alfon\.m2\repository\org\seleniumhq\selenium\selenium-safari-driver\4.20.0\selenium-safari-driver-4.20.0.jar;C:\Users\alfon\.m2\repository\org\seleniumhq\selenium\selenium-support\4.20.0\selenium-support-4.20.0.jar;"/>
    <property name="java.vm.vendor" value="Oracle Corporation"/>
    <property name="sun.arch.data.model" value="64"/>
    <property name="user.variant" value=""/>
    <property name="java.vendor.url" value="https://java.oracle.com/"/>
    <property name="user.timezone" value="America/Santiago"/>
    <property name="os.name" value="Windows 11"/>
    <property name="java.vm.specification.version" value="17"/>
    <property name="sun.java.launcher" value="SUN_STANDARD"/>
    <property name="user.country" value="MX"/>
    <property name="sun.boot.library.path" value="C:\Program Files\Java\jdk-17\bin"/>
    <property name="sun.java.command" value="C:\Users\alfon\AppData\Local\Temp\surefire13724666428525797953\surefirebooter-20250629134140817_3.jar C:\Users\alfon\AppData\Local\Temp\surefire13724666428525797953 2025-06-29T13-41-40_690-jvmRun1 surefire-20250629134140817_1tmp surefire_0-20250629134140817_2tmp"/>
    <property name="jdk.debug" value="release"/>
    <property name="surefire.test.class.path" value="C:\Users\alfon\proyectos-pruebas\HealthTrack\target\test-classes;C:\Users\alfon\proyectos-pruebas\HealthTrack\target\classes;C:\Users\alfon\.m2\repository\org\junit\jupiter\junit-jupiter\5.10.0\junit-jupiter-5.10.0.jar;C:\Users\alfon\.m2\repository\org\junit\jupiter\junit-jupiter-api\5.10.0\junit-jupiter-api-5.10.0.jar;C:\Users\alfon\.m2\repository\org\opentest4j\opentest4j\1.3.0\opentest4j-1.3.0.jar;C:\Users\alfon\.m2\repository\org\junit\platform\junit-platform-commons\1.10.0\junit-platform-commons-1.10.0.jar;C:\Users\alfon\.m2\repository\org\apiguardian\apiguardian-api\1.1.2\apiguardian-api-1.1.2.jar;C:\Users\alfon\.m2\repository\org\junit\jupiter\junit-jupiter-params\5.10.0\junit-jupiter-params-5.10.0.jar;C:\Users\alfon\.m2\repository\org\junit\jupiter\junit-jupiter-engine\5.10.0\junit-jupiter-engine-5.10.0.jar;C:\Users\alfon\.m2\repository\org\junit\platform\junit-platform-engine\1.10.0\junit-platform-engine-1.10.0.jar;C:\Users\alfon\.m2\repository\org\seleniumhq\selenium\selenium-java\4.20.0\selenium-java-4.20.0.jar;C:\Users\alfon\.m2\repository\org\seleniumhq\selenium\selenium-api\4.20.0\selenium-api-4.20.0.jar;C:\Users\alfon\.m2\repository\org\seleniumhq\selenium\selenium-chrome-driver\4.20.0\selenium-chrome-driver-4.20.0.jar;C:\Users\alfon\.m2\repository\com\google\auto\service\auto-service-annotations\1.1.1\auto-service-annotations-1.1.1.jar;C:\Users\alfon\.m2\repository\org\seleniumhq\selenium\selenium-chromium-driver\4.20.0\selenium-chromium-driver-4.20.0.jar;C:\Users\alfon\.m2\repository\org\seleniumhq\selenium\selenium-json\4.20.0\selenium-json-4.20.0.jar;C:\Users\alfon\.m2\repository\org\seleniumhq\selenium\selenium-manager\4.20.0\selenium-manager-4.20.0.jar;C:\Users\alfon\.m2\repository\org\seleniumhq\selenium\selenium-devtools-v122\4.20.0\selenium-devtools-v122-4.20.0.jar;C:\Users\alfon\.m2\repository\org\seleniumhq\selenium\selenium-devtools-v123\4.20.0\selenium-devtools-v123-4.20.0.jar;C:\Users\alfon\.m2\repository\org\seleniumhq\selenium\selenium-devtools-v124\4.20.0\selenium-devtools-v124-4.20.0.jar;C:\Users\alfon\.m2\repository\org\seleniumhq\selenium\selenium-devtools-v85\4.20.0\selenium-devtools-v85-4.20.0.jar;C:\Users\alfon\.m2\repository\org\seleniumhq\selenium\selenium-edge-driver\4.20.0\selenium-edge-driver-4.20.0.jar;C:\Users\alfon\.m2\repository\org\seleniumhq\selenium\selenium-firefox-driver\4.20.0\selenium-firefox-driver-4.20.0.jar;C:\Users\alfon\.m2\repository\org\seleniumhq\selenium\selenium-http\4.20.0\selenium-http-4.20.0.jar;C:\Users\alfon\.m2\repository\dev\failsafe\failsafe\3.3.2\failsafe-3.3.2.jar;C:\Users\alfon\.m2\repository\org\seleniumhq\selenium\selenium-ie-driver\4.20.0\selenium-ie-driver-4.20.0.jar;C:\Users\alfon\.m2\repository\org\seleniumhq\selenium\selenium-remote-driver\4.20.0\selenium-remote-driver-4.20.0.jar;C:\Users\alfon\.m2\repository\com\google\guava\guava\33.1.0-jre\guava-33.1.0-jre.jar;C:\Users\alfon\.m2\repository\com\google\guava\failureaccess\1.0.2\failureaccess-1.0.2.jar;C:\Users\alfon\.m2\repository\com\google\guava\listenablefuture\9999.0-empty-to-avoid-conflict-with-guava\listenablefuture-9999.0-empty-to-avoid-conflict-with-guava.jar;C:\Users\alfon\.m2\repository\com\google\code\findbugs\jsr305\3.0.2\jsr305-3.0.2.jar;C:\Users\alfon\.m2\repository\org\checkerframework\checker-qual\3.42.0\checker-qual-3.42.0.jar;C:\Users\alfon\.m2\repository\com\google\errorprone\error_prone_annotations\2.26.1\error_prone_annotations-2.26.1.jar;C:\Users\alfon\.m2\repository\com\google\j2objc\j2objc-annotations\3.0.0\j2objc-annotations-3.0.0.jar;C:\Users\alfon\.m2\repository\io\opentelemetry\semconv\opentelemetry-semconv\1.25.0-alpha\opentelemetry-semconv-1.25.0-alpha.jar;C:\Users\alfon\.m2\repository\io\opentelemetry\opentelemetry-api\1.37.0\opentelemetry-api-1.37.0.jar;C:\Users\alfon\.m2\repository\io\opentelemetry\opentelemetry-context\1.37.0\opentelemetry-context-1.37.0.jar;C:\Users\alfon\.m2\repository\io\opentelemetry\opentelemetry-exporter-logging\1.37.0\opentelemetry-exporter-logging-1.37.0.jar;C:\Users\alfon\.m2\repository\io\opentelemetry\opentelemetry-sdk-common\1.37.0\opentelemetry-sdk-common-1.37.0.jar;C:\Users\alfon\.m2\repository\io\opentelemetry\opentelemetry-sdk-extension-autoconfigure-spi\1.37.0\opentelemetry-sdk-extension-autoconfigure-spi-1.37.0.jar;C:\Users\alfon\.m2\repository\io\opentelemetry\opentelemetry-sdk-extension-autoconfigure\1.37.0\opentelemetry-sdk-extension-autoconfigure-1.37.0.jar;C:\Users\alfon\.m2\repository\io\opentelemetry\opentelemetry-api-incubator\1.37.0-alpha\opentelemetry-api-incubator-1.37.0-alpha.jar;C:\Users\alfon\.m2\repository\io\opentelemetry\opentelemetry-sdk-trace\1.37.0\opentelemetry-sdk-trace-1.37.0.jar;C:\Users\alfon\.m2\repository\io\opentelemetry\opentelemetry-sdk\1.37.0\opentelemetry-sdk-1.37.0.jar;C:\Users\alfon\.m2\repository\io\opentelemetry\opentelemetry-sdk-metrics\1.37.0\opentelemetry-sdk-metrics-1.37.0.jar;C:\Users\alfon\.m2\repository\io\opentelemetry\opentelemetry-sdk-logs\1.37.0\opentelemetry-sdk-logs-1.37.0.jar;C:\Users\alfon\.m2\repository\net\bytebuddy\byte-buddy\1.14.14\byte-buddy-1.14.14.jar;C:\Users\alfon\.m2\repository\org\seleniumhq\selenium\selenium-os\4.20.0\selenium-os-4.20.0.jar;C:\Users\alfon\.m2\repository\org\apache\commons\commons-exec\1.4.0\commons-exec-1.4.0.jar;C:\Users\alfon\.m2\repository\org\seleniumhq\selenium\selenium-safari-driver\4.20.0\selenium-safari-driver-4.20.0.jar;C:\Users\alfon\.m2\repository\org\seleniumhq\selenium\selenium-support\4.20.0\selenium-support-4.20.0.jar;"/>
    <property name="sun.cpu.endian" value="little"/>
    <property name="user.home" value="C:\Users\alfon"/>
    <property name="user.language" value="es"/>
    <property name="java.specification.vendor" value="Oracle Corporation"/>
    <property name="java.version.date" value="2024-07-16"/>
    <property name="java.home" value="C:\Program Files\Java\jdk-17"/>
    <property name="file.separator" value="\"/>
    <property name="basedir" value="C:\Users\alfon\proyectos-pruebas\HealthTrack"/>
    <property name="java.vm.compressedOopsMode" value="Zero based"/>
    <property name="line.separator" value="&#10;"/>
    <property name="java.vm.specification.vendor" value="Oracle Corporation"/>
    <property name="java.specification.name" value="Java Platform API Specification"/>
    <property name="surefire.real.class.path" value="C:\Users\alfon\AppData\Local\Temp\surefire13724666428525797953\surefirebooter-20250629134140817_3.jar"/>
    <property name="user.script" value=""/>
    <property name="sun.management.compiler" value="HotSpot 64-Bit Tiered Compilers"/>
    <property name="java.runtime.version" value="17.0.12+8-LTS-286"/>
    <property name="user.name" value="alfon"/>
    <property name="path.separator" value=";"/>
    <property name="os.version" value="10.0"/>
    <property name="java.runtime.name" value="Java(TM) SE Runtime Environment"/>
    <property name="file.encoding" value="Cp1252"/>
    <property name="java.vm.name" value="Java HotSpot(TM) 64-Bit Server VM"/>
    <property name="localRepository" value="C:\Users\alfon\.m2\repository"/>
    <property name="java.vendor.url.bug" value="https://bugreport.java.com/bugreport/"/>
    <property name="java.io.tmpdir" value="C:\Users\alfon\AppData\Local\Temp\"/>
    <property name="java.version" value="17.0.12"/>
    <property name="user.dir" value="C:\Users\alfon\proyectos-pruebas\HealthTrack"/>
    <property name="os.arch" value="amd64"/>
    <property name="java.vm.specification.name" value="Java Virtual Machine Specification"/>
    <property name="sun.os.patch.level" value=""/>
    <property name="native.encoding" value="Cp1252"/>
    <property name="java.library.path" value="C:\Program Files\Java\jdk-17\bin;C:\WINDOWS\Sun\Java\bin;C:\WINDOWS\system32;C:\WINDOWS;C:\Users\alfon\proyectos-pruebas\sala-reservas\venv\Scripts;C:\Program Files\Common Files\Oracle\Java\javapath;C:\Program Files (x86)\Common Files\Oracle\Java\java8path;C:\Program Files (x86)\Common Files\Oracle\Java\javapath;C:\WINDOWS\system32;C:\WINDOWS;C:\WINDOWS\System32\Wbem;C:\WINDOWS\System32\WindowsPowerShell\v1.0\;C:\WINDOWS\System32\OpenSSH\;C:\Program Files\NVIDIA Corporation\NVIDIA app\NvDLISR;C:\Program Files (x86)\NVIDIA Corporation\PhysX\Common;C:\Program Files\dotnet\;C:\Program Files\Git\cmd;C:\Program Files\Docker\Docker\resources\bin;C:\Users\alfon\AppData\Local\Programs\Python\Python312\Scripts\;C:\Users\alfon\AppData\Local\Programs\Python\Python312\;C:\Users\alfon\AppData\Local\Programs\Python\Launcher\;C:\Users\alfon\AppData\Local\Microsoft\WindowsApps;C:\Users\alfon\AppData\Local\Programs\Microsoft VS Code\bin;C:\Users\alfon\AppData\Local\Muse Hub\lib;C:\Maven\bin;C:\Program Files\Java\jdk-17\bin;C:\Program Files\Java\jdk-17\bin;;c:\Users\alfon\AppData\Local\Programs\Trae\resources\app\bin\lib;C:\Program Files\Common Files\Oracle\Java\javapath;C:\Program Files (x86)\Common Files\Oracle\Java\java8path;C:\Program Files (x86)\Common Files\Oracle\Java\javapath;C:\WINDOWS\system32;C:\WINDOWS;C:\WINDOWS\System32\Wbem;C:\WINDOWS\System32\WindowsPowerShell\v1.0\;C:\WINDOWS\System32\OpenSSH\;C:\Program Files\NVIDIA Corporation\NVIDIA app\NvDLISR;C:\Program Files (x86)\NVIDIA Corporation\PhysX\Common;C:\Program Files\dotnet\;C:\Program Files\Git\cmd;C:\Program Files\Docker\Docker\resources\bin;C:\Users\alfon\AppData\Local\Programs\Python\Python312\Scripts\;C:\Users\alfon\AppData\Local\Programs\Python\Python312\;C:\Users\alfon\AppData\Local\Programs\Python\Launcher\;C:\Users\alfon\AppData\Local\Microsoft\WindowsApps;C:\Users\alfon\AppData\Local\Programs\Microsoft VS Code\bin;C:\Users\alfon\AppData\Local\Muse Hub\lib;C:\Maven\bin;C:\Program Files\Java\jdk-17\bin;C:\Program Files\Java\jdk-17\bin;;."/>
    <property name="java.vm.info" value="mixed mode, sharing"/>
    <property name="java.vendor" value="Oracle Corporation"/>
    <property name="java.vm.version" value="17.0.12+8-LTS-286"/>
    <property name="sun.io.unicode.encoding" value="UnicodeLittle"/>
    <property name="java.class.version" value="61.0"/>
  </properties>
  <testcase name="testActualizarPesoCorrecto" classname="com.healthtrack.UsuarioTest" time="0.064"/>
  <testcase name="testMostrarInformacion" classname="com.healthtrack.UsuarioTest" time="0.009"/>
  <testcase name="testActualizarConMismoPeso" classname="com.healthtrack.UsuarioTest" time="0.001"/>
  <testcase name="testGetNombre" classname="com.healthtrack.UsuarioTest" time="0.001"/>
  <testcase name="testActualizarConPesoNegativo" classname="com.healthtrack.UsuarioTest" time="0.001"/>
</testsuite>